-------------------------------------------------------------------------------
Test set: edu.eci.dosw.bowling.BowlingGameTest
-------------------------------------------------------------------------------
Tests run: 16, Failures: 1, Errors: 0, Skipped: 0, Time elapsed: 0.424 s <<< FAILURE! -- in edu.eci.dosw.bowling.BowlingGameTest
edu.eci.dosw.bowling.BowlingGameTest.scoreBeforeGameIsComplete_throwsException -- Time elapsed: 0.039 s <<< FAILURE!
org.opentest4j.AssertionFailedError: Expected java.lang.IllegalStateException to be thrown, but nothing was thrown.
	at org.junit.jupiter.api.AssertionFailureBuilder.build(AssertionFailureBuilder.java:152)
	at org.junit.jupiter.api.AssertThrows.assertThrows(AssertThrows.java:73)
	at org.junit.jupiter.api.AssertThrows.assertThrows(AssertThrows.java:35)
	at org.junit.jupiter.api.Assertions.assertThrows(Assertions.java:3128)
	at edu.eci.dosw.bowling.BowlingGameTest.scoreBeforeGameIsComplete_throwsException(BowlingGameTest.java:177)
	at java.base/java.lang.reflect.Method.invoke(Method.java:565)
	at java.base/java.util.ArrayList.forEach(ArrayList.java:1604)
	at java.base/java.util.ArrayList.forEach(ArrayList.java:1604)

